<?xml version="1.0" encoding="UTF-8"?>
<!-- Generated by org.testng.reporters.JUnitReportReporter -->
<testsuite skipped="0" hostname="Vijay-CH" name="Flipkart_LoginTC.LoginTestCases" tests="2" failures="0" timestamp="29 Aug 2019 12:06:34 GMT" time="24.711" errors="0">
  <testcase name="loginTC" time="17.575" classname="Flipkart_LoginTC.LoginTestCases"/>
  <testcase name="verifyPageTitle" time="7.136" classname="Flipkart_LoginTC.LoginTestCases"/>
</testsuite> <!-- Flipkart_LoginTC.LoginTestCases -->
